#
# There is insufficient memory for the Java Runtime Environment to continue.
# Native memory allocation (malloc) failed to allocate 2113136 bytes for Chunk::new
# Possible reasons:
#   The system is out of physical RAM or swap space
#   The process is running with CompressedOops enabled, and the Java Heap may be blocking the growth of the native heap
# Possible solutions:
#   Reduce memory load on the system
#   Increase physical memory or swap space
#   Check if swap backing store is full
#   Decrease Java heap size (-Xmx/-Xms)
#   Decrease number of Java threads
#   Decrease Java thread stack sizes (-Xss)
#   Set larger code cache with -XX:ReservedCodeCacheSize=
#   JVM is running with Unscaled Compressed Oops mode in which the Java heap is
#     placed in the first 4GB address space. The Java Heap base address is the
#     maximum limit for the native heap growth. Please use -XX:HeapBaseMinAddress
#     to set the Java Heap base and to place the Java Heap above 4GB virtual address.
# This output file may be truncated or incomplete.
#
#  Out of Memory Error (allocation.cpp:389), pid=6428, tid=0x0000000000003178
#
# JRE version: OpenJDK Runtime Environment (8.0_242-b08) (build 1.8.0_242-b08)
# Java VM: OpenJDK 64-Bit Server VM (25.242-b08 mixed mode windows-amd64 compressed oops)
# Failed to write core dump. Minidumps are not enabled by default on client versions of Windows
#

---------------  T H R E A D  ---------------

Current thread (0x000001ede353d000):  JavaThread "C2 CompilerThread1" daemon [_thread_in_native, id=12664, stack(0x000000555fa00000,0x000000555fb00000)]

Stack: [0x000000555fa00000,0x000000555fb00000]
[error occurred during error reporting (printing stack bounds), id 0xc0000005]

Native frames: (J=compiled Java code, j=interpreted, Vv=VM code, C=native code)


Current CompileTask:
C2:   7822 1435   !   4       java.net.URLClassLoader$1::run (63 bytes)


---------------  P R O C E S S  ---------------

Java Threads: ( => current thread )
  0x000001ede354f800 JavaThread "Cache worker for file hash cache (C:\Users\ty\Stalkify\platforms\android\.gradle\6.1.1\fileHashes)" [_thread_blocked, id=11740, stack(0x0000005560c00000,0x0000005560d00000)]
  0x000001ede354e000 JavaThread "Cache worker for checksums cache (C:\Users\ty\Stalkify\platforms\android\.gradle\checksums)" [_thread_blocked, id=12612, stack(0x0000005560b00000,0x0000005560c00000)]
  0x000001ede3551800 JavaThread "Cache worker for file hash cache (C:\Users\ty\.gradle\caches\6.1.1\fileHashes)" [_thread_blocked, id=12424, stack(0x0000005560a00000,0x0000005560b00000)]
  0x000001ede354e800 JavaThread "File lock request listener" [_thread_in_native, id=6416, stack(0x0000005560900000,0x0000005560a00000)]
  0x000001ede4ccf000 JavaThread "Cache worker for journal cache (C:\Users\ty\.gradle\caches\journal-1)" [_thread_blocked, id=3476, stack(0x0000005560800000,0x0000005560900000)]
  0x000001ede583a000 JavaThread "Thread-9" [_thread_blocked, id=224, stack(0x0000005560700000,0x0000005560800000)]
  0x000001ede5837000 JavaThread "Stdin handler" [_thread_blocked, id=10968, stack(0x0000005560600000,0x0000005560700000)]
  0x000001ede4121000 JavaThread "Asynchronous log dispatcher for DefaultDaemonConnection: socket connection from /127.0.0.1:51560 to /127.0.0.1:51561" [_thread_blocked, id=12504, stack(0x0000005560500000,0x0000005560600000)]
  0x000001ede4120000 JavaThread "Daemon worker" [_thread_in_vm, id=8344, stack(0x0000005560400000,0x0000005560500000)]
  0x000001ede411f000 JavaThread "Cancel handler" [_thread_blocked, id=1532, stack(0x0000005560300000,0x0000005560400000)]
  0x000001ede42a3800 JavaThread "Handler for socket connection from /127.0.0.1:51560 to /127.0.0.1:51561" [_thread_in_native, id=320, stack(0x0000005560200000,0x0000005560300000)]
  0x000001ede4315800 JavaThread "Daemon" [_thread_blocked, id=11072, stack(0x0000005560100000,0x0000005560200000)]
  0x000001ede559d800 JavaThread "Daemon periodic checks" [_thread_blocked, id=12804, stack(0x0000005560000000,0x0000005560100000)]
  0x000001ede4d32800 JavaThread "Incoming local TCP Connector on port 51560" [_thread_in_native, id=9588, stack(0x000000555ff00000,0x0000005560000000)]
  0x000001ede5521000 JavaThread "Daemon health stats" [_thread_blocked, id=8568, stack(0x000000555fe00000,0x000000555ff00000)]
  0x000001ede35cb800 JavaThread "Service Thread" daemon [_thread_blocked, id=4208, stack(0x000000555fc00000,0x000000555fd00000)]
  0x000001ede354d000 JavaThread "C1 CompilerThread2" daemon [_thread_blocked, id=8816, stack(0x000000555fb00000,0x000000555fc00000)]
=>0x000001ede353d000 JavaThread "C2 CompilerThread1" daemon [_thread_in_native, id=12664, stack(0x000000555fa00000,0x000000555fb00000)]
  0x000001ede3533800 JavaThread "C2 CompilerThread0" daemon [_thread_in_native, id=3200, stack(0x000000555f900000,0x000000555fa00000)]
  0x000001ede352f800 JavaThread "Attach Listener" daemon [_thread_blocked, id=12344, stack(0x000000555f800000,0x000000555f900000)]
  0x000001ede352c000 JavaThread "Signal Dispatcher" daemon [_thread_blocked, id=12232, stack(0x000000555f700000,0x000000555f800000)]
  0x000001ede2ddc000 JavaThread "Finalizer" daemon [_thread_blocked, id=6872, stack(0x000000555f600000,0x000000555f700000)]
  0x000001ede3506800 JavaThread "Reference Handler" daemon [_thread_blocked, id=7304, stack(0x000000555f500000,0x000000555f600000)]
  0x000001edccd5a000 JavaThread "main" [_thread_blocked, id=12748, stack(0x000000555ef00000,0x000000555f000000)]

Other Threads:
  0x000001ede34e2800 VMThread [stack: 0x000000555f400000,0x000000555f500000] [id=13240]
  0x000001ede35d6000 WatcherThread [stack: 0x000000555fd00000,0x000000555fe00000] [id=11228]

VM state:not at safepoint (normal execution)

VM Mutex/Monitor currently owned by a thread:  ([mutex/lock_event])
[0x000001edccd588f0] AdapterHandlerLibrary_lock - owner thread: 0x0000000000000000

heap address: 0x0000000080000000, size: 2048 MB, Compressed Oops mode: 32-bit
Narrow klass base: 0x0000000000000000, Narrow klass shift: 3
Compressed class space size: 1073741824 Address: 0x0000000100000000

Heap:
 PSYoungGen      total 38400K, used 19592K [0x00000000d5580000, 0x00000000d8000000, 0x0000000100000000)
  eden space 33280K, 43% used [0x00000000d5580000,0x00000000d63aa220,0x00000000d7600000)
  from space 5120K, 99% used [0x00000000d7b00000,0x00000000d7ff8040,0x00000000d8000000)
  to   space 5120K, 0% used [0x00000000d7600000,0x00000000d7600000,0x00000000d7b00000)
 ParOldGen       total 87552K, used 4739K [0x0000000080000000, 0x0000000085580000, 0x00000000d5580000)
  object space 87552K, 5% used [0x0000000080000000,0x00000000804a0c38,0x0000000085580000)
 Metaspace       used 17917K, capacity 18390K, committed 18560K, reserved 1064960K
  class space    used 2465K, capacity 2605K, committed 2688K, reserved 1048576K

Card table byte_map: [0x000001eddd9f0000,0x000001eddde00000] byte_map_base: 0x000001eddd5f0000

Marking Bits: (ParMarkBitMap*) 0x0000000074eb8030
 Begin Bits: [0x000001edde0b0000, 0x000001ede00b0000)
 End Bits:   [0x000001ede00b0000, 0x000001ede20b0000)

Polling page: 0x000001edce600000

CodeCache: size=245760Kb used=4969Kb max_used=5037Kb free=240790Kb
 bounds [0x000001edce630000, 0x000001edceb30000, 0x000001eddd630000]
 total_blobs=1840 nmethods=1432 adapters=321
 compilation: enabled

Compilation events (10 events):
Event: 7.772 Thread 0x000001ede354d000 1544       3       com.google.common.cache.LocalCache::evictsBySize (15 bytes)
Event: 7.772 Thread 0x000001ede354d000 nmethod 1544 0x000001edce7d3710 code [0x000001edce7d3860, 0x000001edce7d3a18]
Event: 7.794 Thread 0x000001ede354d000 1545       3       java.util.concurrent.locks.AbstractQueuedSynchronizer::<init> (5 bytes)
Event: 7.794 Thread 0x000001ede354d000 nmethod 1545 0x000001edce7d3290 code [0x000001edce7d3400, 0x000001edce7d3618]
Event: 7.794 Thread 0x000001ede354d000 1546       3       java.util.concurrent.locks.AbstractOwnableSynchronizer::<init> (5 bytes)
Event: 7.795 Thread 0x000001ede354d000 nmethod 1546 0x000001edce7d2ed0 code [0x000001edce7d3020, 0x000001edce7d31d8]
Event: 7.799 Thread 0x000001ede354d000 1547       3       org.gradle.internal.service.DefaultServiceRegistry::isSatisfiedBy (44 bytes)
Event: 7.800 Thread 0x000001ede354d000 nmethod 1547 0x000001edce83e0d0 code [0x000001edce83e280, 0x000001edce83e9d0]
Event: 7.820 Thread 0x000001ede354d000 1548       3       java.util.regex.Pattern$Branch::match (66 bytes)
Event: 7.820 Thread 0x000001ede354d000 nmethod 1548 0x000001edce83d850 code [0x000001edce83d9e0, 0x000001edce83dec0]

GC Heap History (8 events):
Event: 1.451 GC heap before
{Heap before GC invocations=1 (full 0):
 PSYoungGen      total 38400K, used 33280K [0x00000000d5580000, 0x00000000d8000000, 0x0000000100000000)
  eden space 33280K, 100% used [0x00000000d5580000,0x00000000d7600000,0x00000000d7600000)
  from space 5120K, 0% used [0x00000000d7b00000,0x00000000d7b00000,0x00000000d8000000)
  to   space 5120K, 0% used [0x00000000d7600000,0x00000000d7600000,0x00000000d7b00000)
 ParOldGen       total 87552K, used 0K [0x0000000080000000, 0x0000000085580000, 0x00000000d5580000)
  object space 87552K, 0% used [0x0000000080000000,0x0000000080000000,0x0000000085580000)
 Metaspace       used 7520K, capacity 7760K, committed 8064K, reserved 1056768K
  class space    used 922K, capacity 1032K, committed 1152K, reserved 1048576K
Event: 1.456 GC heap after
Heap after GC invocations=1 (full 0):
 PSYoungGen      total 38400K, used 4463K [0x00000000d5580000, 0x00000000d8000000, 0x0000000100000000)
  eden space 33280K, 0% used [0x00000000d5580000,0x00000000d5580000,0x00000000d7600000)
  from space 5120K, 87% used [0x00000000d7600000,0x00000000d7a5bfe8,0x00000000d7b00000)
  to   space 5120K, 0% used [0x00000000d7b00000,0x00000000d7b00000,0x00000000d8000000)
 ParOldGen       total 87552K, used 16K [0x0000000080000000, 0x0000000085580000, 0x00000000d5580000)
  object space 87552K, 0% used [0x0000000080000000,0x0000000080004000,0x0000000085580000)
 Metaspace       used 7520K, capacity 7760K, committed 8064K, reserved 1056768K
  class space    used 922K, capacity 1032K, committed 1152K, reserved 1048576K
}
Event: 5.779 GC heap before
{Heap before GC invocations=2 (full 0):
 PSYoungGen      total 38400K, used 37743K [0x00000000d5580000, 0x00000000d8000000, 0x0000000100000000)
  eden space 33280K, 100% used [0x00000000d5580000,0x00000000d7600000,0x00000000d7600000)
  from space 5120K, 87% used [0x00000000d7600000,0x00000000d7a5bfe8,0x00000000d7b00000)
  to   space 5120K, 0% used [0x00000000d7b00000,0x00000000d7b00000,0x00000000d8000000)
 ParOldGen       total 87552K, used 16K [0x0000000080000000, 0x0000000085580000, 0x00000000d5580000)
  object space 87552K, 0% used [0x0000000080000000,0x0000000080004000,0x0000000085580000)
 Metaspace       used 8548K, capacity 8776K, committed 8960K, reserved 1056768K
  class space    used 1101K, capacity 1200K, committed 1280K, reserved 1048576K
Event: 5.784 GC heap after
Heap after GC invocations=2 (full 0):
 PSYoungGen      total 38400K, used 4273K [0x00000000d5580000, 0x00000000d8000000, 0x0000000100000000)
  eden space 33280K, 0% used [0x00000000d5580000,0x00000000d5580000,0x00000000d7600000)
  from space 5120K, 83% used [0x00000000d7b00000,0x00000000d7f2c588,0x00000000d8000000)
  to   space 5120K, 0% used [0x00000000d7600000,0x00000000d7600000,0x00000000d7b00000)
 ParOldGen       total 87552K, used 24K [0x0000000080000000, 0x0000000085580000, 0x00000000d5580000)
  object space 87552K, 0% used [0x0000000080000000,0x0000000080006000,0x0000000085580000)
 Metaspace       used 8548K, capacity 8776K, committed 8960K, reserved 1056768K
  class space    used 1101K, capacity 1200K, committed 1280K, reserved 1048576K
}
Event: 6.959 GC heap before
{Heap before GC invocations=3 (full 0):
 PSYoungGen      total 38400K, used 37553K [0x00000000d5580000, 0x00000000d8000000, 0x0000000100000000)
  eden space 33280K, 100% used [0x00000000d5580000,0x00000000d7600000,0x00000000d7600000)
  from space 5120K, 83% used [0x00000000d7b00000,0x00000000d7f2c588,0x00000000d8000000)
  to   space 5120K, 0% used [0x00000000d7600000,0x00000000d7600000,0x00000000d7b00000)
 ParOldGen       total 87552K, used 24K [0x0000000080000000, 0x0000000085580000, 0x00000000d5580000)
  object space 87552K, 0% used [0x0000000080000000,0x0000000080006000,0x0000000085580000)
 Metaspace       used 13146K, capacity 13504K, committed 13696K, reserved 1060864K
  class space    used 1807K, capacity 1920K, committed 1920K, reserved 1048576K
Event: 6.966 GC heap after
Heap after GC invocations=3 (full 0):
 PSYoungGen      total 38400K, used 5104K [0x00000000d5580000, 0x00000000d8000000, 0x0000000100000000)
  eden space 33280K, 0% used [0x00000000d5580000,0x00000000d5580000,0x00000000d7600000)
  from space 5120K, 99% used [0x00000000d7600000,0x00000000d7afc030,0x00000000d7b00000)
  to   space 5120K, 0% used [0x00000000d7b00000,0x00000000d7b00000,0x00000000d8000000)
 ParOldGen       total 87552K, used 1950K [0x0000000080000000, 0x0000000085580000, 0x00000000d5580000)
  object space 87552K, 2% used [0x0000000080000000,0x00000000801e7878,0x0000000085580000)
 Metaspace       used 13146K, capacity 13504K, committed 13696K, reserved 1060864K
  class space    used 1807K, capacity 1920K, committed 1920K, reserved 1048576K
}
Event: 7.567 GC heap before
{Heap before GC invocations=4 (full 0):
 PSYoungGen      total 38400K, used 38384K [0x00000000d5580000, 0x00000000d8000000, 0x0000000100000000)
  eden space 33280K, 100% used [0x00000000d5580000,0x00000000d7600000,0x00000000d7600000)
  from space 5120K, 99% used [0x00000000d7600000,0x00000000d7afc030,0x00000000d7b00000)
  to   space 5120K, 0% used [0x00000000d7b00000,0x00000000d7b00000,0x00000000d8000000)
 ParOldGen       total 87552K, used 1950K [0x0000000080000000, 0x0000000085580000, 0x00000000d5580000)
  object space 87552K, 2% used [0x0000000080000000,0x00000000801e7878,0x0000000085580000)
 Metaspace       used 16531K, capacity 16978K, committed 17280K, reserved 1064960K
  class space    used 2250K, capacity 2399K, committed 2432K, reserved 1048576K
Event: 7.579 GC heap after
Heap after GC invocations=4 (full 0):
 PSYoungGen      total 38400K, used 5088K [0x00000000d5580000, 0x00000000d8000000, 0x0000000100000000)
  eden space 33280K, 0% used [0x00000000d5580000,0x00000000d5580000,0x00000000d7600000)
  from space 5120K, 99% used [0x00000000d7b00000,0x00000000d7ff8040,0x00000000d8000000)
  to   space 5120K, 0% used [0x00000000d7600000,0x00000000d7600000,0x00000000d7b00000)
 ParOldGen       total 87552K, used 4739K [0x0000000080000000, 0x0000000085580000, 0x00000000d5580000)
  object space 87552K, 5% used [0x0000000080000000,0x00000000804a0c38,0x0000000085580000)
 Metaspace       used 16531K, capacity 16978K, committed 17280K, reserved 1064960K
  class space    used 2250K, capacity 2399K, committed 2432K, reserved 1048576K
}

Deoptimization events (10 events):
Event: 6.710 Thread 0x000001ede4120000 Uncommon trap: reason=bimorphic action=maybe_recompile pc=0x000001edce8e11d0 method=java.util.HashMap.putVal(ILjava/lang/Object;Ljava/lang/Object;ZZ)Ljava/lang/Object; @ 253
Event: 6.710 Thread 0x000001ede4120000 Uncommon trap: reason=bimorphic action=maybe_recompile pc=0x000001edce8e11d0 method=java.util.HashMap.putVal(ILjava/lang/Object;Ljava/lang/Object;ZZ)Ljava/lang/Object; @ 253
Event: 6.710 Thread 0x000001ede4120000 Uncommon trap: reason=bimorphic action=maybe_recompile pc=0x000001edce8e11d0 method=java.util.HashMap.putVal(ILjava/lang/Object;Ljava/lang/Object;ZZ)Ljava/lang/Object; @ 253
Event: 6.710 Thread 0x000001ede4120000 Uncommon trap: reason=bimorphic action=maybe_recompile pc=0x000001edce8e11d0 method=java.util.HashMap.putVal(ILjava/lang/Object;Ljava/lang/Object;ZZ)Ljava/lang/Object; @ 253
Event: 6.980 Thread 0x000001ede4120000 Uncommon trap: reason=class_check action=maybe_recompile pc=0x000001edce963598 method=java.util.regex.Matcher.match(II)Z @ 86
Event: 6.981 Thread 0x000001ede4120000 Uncommon trap: reason=class_check action=maybe_recompile pc=0x000001edce963598 method=java.util.regex.Matcher.match(II)Z @ 86
Event: 6.981 Thread 0x000001ede4120000 Uncommon trap: reason=class_check action=maybe_recompile pc=0x000001edce963598 method=java.util.regex.Matcher.match(II)Z @ 86
Event: 6.981 Thread 0x000001ede4120000 Uncommon trap: reason=class_check action=maybe_recompile pc=0x000001edce91985c method=java.util.regex.Matcher.match(II)Z @ 86
Event: 7.383 Thread 0x000001ede4120000 Uncommon trap: reason=unstable_if action=reinterpret pc=0x000001edce95b664 method=java.io.File.getName()Ljava/lang/String; @ 16
Event: 7.383 Thread 0x000001ede4120000 Uncommon trap: reason=unstable_if action=reinterpret pc=0x000001edce9466dc method=java.lang.String.substring(I)Ljava/lang/String; @ 35

Classes redefined (0 events):
No events

Internal exceptions (10 events):
Event: 0.751 Thread 0x000001edccd5a000 Exception <a 'java/lang/ArrayIndexOutOfBoundsException'> (0x00000000d67c78e8) thrown at [C:\cygwin64\tmp\openjdk-jdk8u-windows-x64-hotspot\workspace\build\src\hotspot\src\share\vm\runtime\sharedRuntime.cpp, line 605]
Event: 0.752 Thread 0x000001edccd5a000 Exception <a 'java/lang/ArrayIndexOutOfBoundsException'> (0x00000000d67d1eb8) thrown at [C:\cygwin64\tmp\openjdk-jdk8u-windows-x64-hotspot\workspace\build\src\hotspot\src\share\vm\runtime\sharedRuntime.cpp, line 605]
Event: 0.752 Thread 0x000001edccd5a000 Exception <a 'java/lang/ArrayIndexOutOfBoundsException'> (0x00000000d67d4268) thrown at [C:\cygwin64\tmp\openjdk-jdk8u-windows-x64-hotspot\workspace\build\src\hotspot\src\share\vm\runtime\sharedRuntime.cpp, line 605]
Event: 0.753 Thread 0x000001edccd5a000 Exception <a 'java/lang/ArrayIndexOutOfBoundsException'> (0x00000000d67df680) thrown at [C:\cygwin64\tmp\openjdk-jdk8u-windows-x64-hotspot\workspace\build\src\hotspot\src\share\vm\runtime\sharedRuntime.cpp, line 605]
Event: 0.753 Thread 0x000001edccd5a000 Exception <a 'java/lang/ArrayIndexOutOfBoundsException'> (0x00000000d67ec960) thrown at [C:\cygwin64\tmp\openjdk-jdk8u-windows-x64-hotspot\workspace\build\src\hotspot\src\share\vm\runtime\sharedRuntime.cpp, line 605]
Event: 0.754 Thread 0x000001edccd5a000 Exception <a 'java/lang/ArrayIndexOutOfBoundsException'> (0x00000000d67fa468) thrown at [C:\cygwin64\tmp\openjdk-jdk8u-windows-x64-hotspot\workspace\build\src\hotspot\src\share\vm\runtime\sharedRuntime.cpp, line 605]
Event: 6.625 Thread 0x000001edccd5a000 Exception <a 'java/io/IOException'> (0x00000000d610bcf0) thrown at [C:\cygwin64\tmp\openjdk-jdk8u-windows-x64-hotspot\workspace\build\src\hotspot\src\share\vm\prims\jni.cpp, line 710]
Event: 7.449 Thread 0x000001ede4120000 Exception <a 'java/lang/NoSuchMethodError': java.lang.Object.lambda$and$0(Ljava/util/function/Predicate;Ljava/lang/Object;)Z> (0x00000000d705bd68) thrown at [C:\cygwin64\tmp\openjdk-jdk8u-windows-x64-hotspot\workspace\build\src\hotspot\src\share\vm\interp
Event: 7.458 Thread 0x000001ede4120000 Exception <a 'java/lang/IncompatibleClassChangeError': Found class java.lang.Object, but interface was expected> (0x00000000d706c5f0) thrown at [C:\cygwin64\tmp\openjdk-jdk8u-windows-x64-hotspot\workspace\build\src\hotspot\src\share\vm\interpreter\linkRes
Event: 7.462 Thread 0x000001ede4120000 Exception <a 'java/lang/NoSuchMethodError': java.lang.Object.lambda$or$2(Ljava/util/function/Predicate;Ljava/lang/Object;)Z> (0x00000000d7071588) thrown at [C:\cygwin64\tmp\openjdk-jdk8u-windows-x64-hotspot\workspace\build\src\hotspot\src\share\vm\interpr

Events (10 events):
Event: 7.817 loading class org/gradle/plugin/management/internal/autoapply/AutoAppliedGradleEnterprisePlugin
Event: 7.817 loading class org/gradle/plugin/management/internal/autoapply/AutoAppliedGradleEnterprisePlugin done
Event: 7.818 loading class org/gradle/plugin/use/internal/DefaultPluginId
Event: 7.818 loading class org/gradle/plugin/use/internal/DefaultPluginId done
Event: 7.818 loading class org/gradle/plugin/internal/InvalidPluginIdException
Event: 7.818 loading class org/gradle/plugin/internal/InvalidPluginIdException done
Event: 7.819 loading class java/util/DualPivotQuicksort
Event: 7.819 loading class java/util/DualPivotQuicksort done
Event: 7.820 loading class org/gradle/plugin/management/internal/SingletonPluginRequests
Event: 7.820 loading class org/gradle/plugin/management/internal/SingletonPluginRequests done


Dynamic libraries:
0x00007ff719690000 - 0x00007ff7196ca000 	C:\Program Files\AdoptOpenJDK\jdk-8.0.242.08-hotspot\bin\java.exe
0x00007ff952be0000 - 0x00007ff952dd0000 	C:\WINDOWS\SYSTEM32\ntdll.dll
0x00007ff931ad0000 - 0x00007ff931ae4000 	C:\Program Files\AVAST Software\Avast\aswhook.dll
0x00007ff952790000 - 0x00007ff952842000 	C:\WINDOWS\System32\KERNEL32.DLL
0x00007ff94ffa0000 - 0x00007ff950243000 	C:\WINDOWS\System32\KERNELBASE.dll
0x00007ff9513b0000 - 0x00007ff951453000 	C:\WINDOWS\System32\ADVAPI32.dll
0x00007ff951a20000 - 0x00007ff951abe000 	C:\WINDOWS\System32\msvcrt.dll
0x00007ff951730000 - 0x00007ff9517c7000 	C:\WINDOWS\System32\sechost.dll
0x00007ff952850000 - 0x00007ff952970000 	C:\WINDOWS\System32\RPCRT4.dll
0x00007ff951590000 - 0x00007ff951724000 	C:\WINDOWS\System32\USER32.dll
0x00007ff94fb70000 - 0x00007ff94fb91000 	C:\WINDOWS\System32\win32u.dll
0x00007ff951d30000 - 0x00007ff951d56000 	C:\WINDOWS\System32\GDI32.dll
0x00007ff94fe00000 - 0x00007ff94ff94000 	C:\WINDOWS\System32\gdi32full.dll
0x00007ff950250000 - 0x00007ff9502ee000 	C:\WINDOWS\System32\msvcp_win.dll
0x00007ff94fc00000 - 0x00007ff94fcfa000 	C:\WINDOWS\System32\ucrtbase.dll
0x00007ff937730000 - 0x00007ff9379b5000 	C:\WINDOWS\WinSxS\amd64_microsoft.windows.common-controls_6595b64144ccf1df_6.0.18362.592_none_e6c0b1911312be02\COMCTL32.dll
0x00007ff951e90000 - 0x00007ff9521c6000 	C:\WINDOWS\System32\combase.dll
0x00007ff950460000 - 0x00007ff9504e0000 	C:\WINDOWS\System32\bcryptPrimitives.dll
0x00007ff950c90000 - 0x00007ff950cbe000 	C:\WINDOWS\System32\IMM32.DLL
0x00007ff91ef30000 - 0x00007ff91f01f000 	C:\Program Files\AdoptOpenJDK\jdk-8.0.242.08-hotspot\jre\bin\msvcr120.dll
0x00007ff91ee80000 - 0x00007ff91ef26000 	C:\Program Files\AdoptOpenJDK\jdk-8.0.242.08-hotspot\jre\bin\msvcp120.dll
0x0000000074730000 - 0x0000000074f31000 	C:\Program Files\AdoptOpenJDK\jdk-8.0.242.08-hotspot\jre\bin\server\jvm.dll
0x00007ff952b90000 - 0x00007ff952b98000 	C:\WINDOWS\System32\PSAPI.DLL
0x00007ff941160000 - 0x00007ff941169000 	C:\WINDOWS\SYSTEM32\WSOCK32.dll
0x00007ff951d60000 - 0x00007ff951dcf000 	C:\WINDOWS\System32\WS2_32.dll
0x00007ff94d6b0000 - 0x00007ff94d6d4000 	C:\WINDOWS\SYSTEM32\WINMM.dll
0x00007ff945c30000 - 0x00007ff945c3a000 	C:\WINDOWS\SYSTEM32\VERSION.dll
0x00007ff94d680000 - 0x00007ff94d6ad000 	C:\WINDOWS\SYSTEM32\WINMMBASE.dll
0x00007ff94fd00000 - 0x00007ff94fd4a000 	C:\WINDOWS\System32\cfgmgr32.dll
0x00007ff949050000 - 0x00007ff94905f000 	C:\Program Files\AdoptOpenJDK\jdk-8.0.242.08-hotspot\jre\bin\verify.dll
0x00007ff9422f0000 - 0x00007ff942318000 	C:\Program Files\AdoptOpenJDK\jdk-8.0.242.08-hotspot\jre\bin\java.dll
0x00007ff9422d0000 - 0x00007ff9422e6000 	C:\Program Files\AdoptOpenJDK\jdk-8.0.242.08-hotspot\jre\bin\zip.dll
0x00007ff950cc0000 - 0x00007ff9513a5000 	C:\WINDOWS\System32\SHELL32.dll
0x00007ff951de0000 - 0x00007ff951e89000 	C:\WINDOWS\System32\shcore.dll
0x00007ff950510000 - 0x00007ff950c8f000 	C:\WINDOWS\System32\windows.storage.dll
0x00007ff94fb30000 - 0x00007ff94fb4f000 	C:\WINDOWS\System32\profapi.dll
0x00007ff94fae0000 - 0x00007ff94fb2a000 	C:\WINDOWS\System32\powrprof.dll
0x00007ff94fab0000 - 0x00007ff94fac0000 	C:\WINDOWS\System32\UMPDC.dll
0x00007ff952970000 - 0x00007ff9529c2000 	C:\WINDOWS\System32\shlwapi.dll
0x00007ff94fb50000 - 0x00007ff94fb61000 	C:\WINDOWS\System32\kernel.appcore.dll
0x00007ff9502f0000 - 0x00007ff950307000 	C:\WINDOWS\System32\cryptsp.dll
0x00007ff9422b0000 - 0x00007ff9422ca000 	C:\Program Files\AdoptOpenJDK\jdk-8.0.242.08-hotspot\jre\bin\net.dll
0x00007ff94f2c0000 - 0x00007ff94f327000 	C:\WINDOWS\system32\mswsock.dll
0x00007ff942290000 - 0x00007ff9422a2000 	C:\Program Files\AdoptOpenJDK\jdk-8.0.242.08-hotspot\jre\bin\nio.dll
0x00007ff932530000 - 0x00007ff932556000 	C:\Users\ty\.gradle\native\31\windows-amd64\native-platform.dll
0x00007ff942580000 - 0x00007ff94258d000 	C:\Program Files\AdoptOpenJDK\jdk-8.0.242.08-hotspot\jre\bin\management.dll
0x00007ff94ee30000 - 0x00007ff94ee63000 	C:\WINDOWS\system32\rsaenh.dll
0x00007ff9504e0000 - 0x00007ff950506000 	C:\WINDOWS\System32\bcrypt.dll
0x00007ff94f9d0000 - 0x00007ff94f9f5000 	C:\WINDOWS\SYSTEM32\USERENV.dll
0x00007ff94f490000 - 0x00007ff94f49c000 	C:\WINDOWS\SYSTEM32\CRYPTBASE.dll
0x00007ff94efd0000 - 0x00007ff94f00a000 	C:\WINDOWS\SYSTEM32\IPHLPAPI.DLL
0x00007ff9529d0000 - 0x00007ff9529d8000 	C:\WINDOWS\System32\NSI.dll
0x00007ff944990000 - 0x00007ff9449a6000 	C:\WINDOWS\SYSTEM32\dhcpcsvc6.DLL
0x00007ff9455c0000 - 0x00007ff9455dc000 	C:\WINDOWS\SYSTEM32\dhcpcsvc.DLL
0x00007ff94f010000 - 0x00007ff94f0da000 	C:\WINDOWS\SYSTEM32\DNSAPI.dll

VM Arguments:
jvm_args: -Xmx2048m -Dfile.encoding=windows-1252 -Duser.country=CA -Duser.language=en -Duser.variant 
java_command: org.gradle.launcher.daemon.bootstrap.GradleDaemon 6.1.1
java_class_path (initial): C:\Gradle\gradle-6.1.1\lib\gradle-launcher-6.1.1.jar
Launcher Type: SUN_STANDARD

Environment Variables:
JAVA_HOME=C:\Program Files\AdoptOpenJDK\jdk-8.0.242.08-hotspot\
CLASSPATH=C:\Gradle\gradle-6.1.1\bin\..\lib\gradle-launcher-6.1.1.jar
USERNAME=ty
OS=Windows_NT
PROCESSOR_IDENTIFIER=Intel64 Family 6 Model 142 Stepping 9, GenuineIntel



---------------  S Y S T E M  ---------------

OS: Windows 10.0 , 64 bit Build 18362 (10.0.18362.329)

CPU:total 4 (initial active 4) (2 cores per cpu, 2 threads per core) family 6 model 142 stepping 9, cmov, cx8, fxsr, mmx, sse, sse2, sse3, ssse3, sse4.1, sse4.2, popcnt, avx, avx2, aes, clmul, erms, 3dnowpref, lzcnt, ht, tsc, tscinvbit, bmi1, bmi2, adx

Memory: 4k page, physical 8280900k(1100940k free), swap 10232644k(5140k free)

vm_info: OpenJDK 64-Bit Server VM (25.242-b08) for windows-amd64 JRE (1.8.0_242-b08), built on Jan 19 2020 14:45:52 by "jenkins" with MS VC++ 12.0 (VS2013)

time: Tue Feb 11 09:36:40 2020
timezone: Pacific Standard Time
elapsed time: 7 seconds (0d 0h 0m 7s)

